{"total": {"lines":{"total":46,"covered":14,"skipped":0,"pct":30.43},"statements":{"total":47,"covered":15,"skipped":0,"pct":31.91},"functions":{"total":6,"covered":2,"skipped":0,"pct":33.33},"branches":{"total":26,"covered":10,"skipped":0,"pct":38.46}}
,"/home/pj/Datopian/repos/datapackage-views-js/src/App.js": {"lines":{"total":12,"covered":12,"skipped":0,"pct":100},"functions":{"total":1,"covered":1,"skipped":0,"pct":100},"statements":{"total":13,"covered":13,"skipped":0,"pct":100},"branches":{"total":14,"covered":10,"skipped":0,"pct":71.43}}
,"/home/pj/Datopian/repos/datapackage-views-js/src/Table.js": {"lines":{"total":2,"covered":2,"skipped":0,"pct":100},"functions":{"total":1,"covered":1,"skipped":0,"pct":100},"statements":{"total":2,"covered":2,"skipped":0,"pct":100},"branches":{"total":0,"covered":0,"skipped":0,"pct":100}}
,"/home/pj/Datopian/repos/datapackage-views-js/src/index.js": {"lines":{"total":32,"covered":0,"skipped":0,"pct":0},"functions":{"total":4,"covered":0,"skipped":0,"pct":0},"statements":{"total":32,"covered":0,"skipped":0,"pct":0},"branches":{"total":12,"covered":0,"skipped":0,"pct":0}}
}
