{"/home/pj/Datopian/repos/datapackage-views-js/src/App.js": {"path":"/home/pj/Datopian/repos/datapackage-views-js/src/App.js","statementMap":{"0":{"start":{"line":7,"column":14},"end":{"line":7,"column":60}},"1":{"start":{"line":8,"column":2},"end":{"line":38,"column":3}},"2":{"start":{"line":9,"column":15},"end":{"line":9,"column":31}},"3":{"start":{"line":10,"column":4},"end":{"line":10,"column":58}},"4":{"start":{"line":10,"column":24},"end":{"line":10,"column":58}},"5":{"start":{"line":11,"column":29},"end":{"line":11,"column":61}},"6":{"start":{"line":12,"column":23},"end":{"line":12,"column":51}},"7":{"start":{"line":14,"column":4},"end":{"line":16,"column":5}},"8":{"start":{"line":15,"column":6},"end":{"line":15,"column":60}},"9":{"start":{"line":18,"column":4},"end":{"line":22,"column":5}},"10":{"start":{"line":23,"column":9},"end":{"line":38,"column":3}},"11":{"start":{"line":24,"column":4},"end":{"line":31,"column":5}},"12":{"start":{"line":33,"column":4},"end":{"line":37,"column":5}}},"fnMap":{"0":{"name":"App","decl":{"start":{"line":6,"column":9},"end":{"line":6,"column":12}},"loc":{"start":{"line":6,"column":20},"end":{"line":39,"column":1}},"line":6}},"branchMap":{"0":{"loc":{"start":{"line":7,"column":14},"end":{"line":7,"column":60}},"type":"cond-expr","locations":[{"start":{"line":7,"column":27},"end":{"line":7,"column":55}},{"start":{"line":7,"column":58},"end":{"line":7,"column":60}}],"line":7},"1":{"loc":{"start":{"line":8,"column":2},"end":{"line":38,"column":3}},"type":"if","locations":[{"start":{"line":8,"column":2},"end":{"line":38,"column":3}},{"start":{"line":8,"column":2},"end":{"line":38,"column":3}}],"line":8},"2":{"loc":{"start":{"line":8,"column":6},"end":{"line":8,"column":31}},"type":"binary-expr","locations":[{"start":{"line":8,"column":6},"end":{"line":8,"column":11}},{"start":{"line":8,"column":15},"end":{"line":8,"column":31}}],"line":8},"3":{"loc":{"start":{"line":9,"column":15},"end":{"line":9,"column":31}},"type":"binary-expr","locations":[{"start":{"line":9,"column":15},"end":{"line":9,"column":25}},{"start":{"line":9,"column":29},"end":{"line":9,"column":31}}],"line":9},"4":{"loc":{"start":{"line":10,"column":4},"end":{"line":10,"column":58}},"type":"if","locations":[{"start":{"line":10,"column":4},"end":{"line":10,"column":58}},{"start":{"line":10,"column":4},"end":{"line":10,"column":58}}],"line":10},"5":{"loc":{"start":{"line":14,"column":4},"end":{"line":16,"column":5}},"type":"if","locations":[{"start":{"line":14,"column":4},"end":{"line":16,"column":5}},{"start":{"line":14,"column":4},"end":{"line":16,"column":5}}],"line":14},"6":{"loc":{"start":{"line":23,"column":9},"end":{"line":38,"column":3}},"type":"if","locations":[{"start":{"line":23,"column":9},"end":{"line":38,"column":3}},{"start":{"line":23,"column":9},"end":{"line":38,"column":3}}],"line":23}},"s":{"0":4,"1":4,"2":1,"3":1,"4":1,"5":1,"6":1,"7":1,"8":1,"9":1,"10":3,"11":1,"12":2},"f":{"0":4},"b":{"0":[4,0],"1":[1,3],"2":[4,1],"3":[1,0],"4":[1,0],"5":[1,0],"6":[1,2]},"_coverageSchema":"43e27e138ebf9cfc5966b082cf9a028302ed4184","hash":"5a849e0676b7687a531f8e657299f79e38812658"}
,"/home/pj/Datopian/repos/datapackage-views-js/src/Table.js": {"path":"/home/pj/Datopian/repos/datapackage-views-js/src/Table.js","statementMap":{"0":{"start":{"line":6,"column":19},"end":{"line":8,"column":4}},"1":{"start":{"line":9,"column":2},"end":{"line":9,"column":85}}},"fnMap":{"0":{"name":"(anonymous_0)","decl":{"start":{"line":5,"column":15},"end":{"line":5,"column":16}},"loc":{"start":{"line":5,"column":31},"end":{"line":10,"column":1}},"line":5}},"branchMap":{},"s":{"0":1,"1":1},"f":{"0":1},"b":{},"_coverageSchema":"43e27e138ebf9cfc5966b082cf9a028302ed4184","hash":"95c97a5713383c1240644143c4c3cd4fe958358a"}
,"/home/pj/Datopian/repos/datapackage-views-js/src/index.js": {"path":"/home/pj/Datopian/repos/datapackage-views-js/src/index.js","statementMap":{"0":{"start":{"line":8,"column":20},"end":{"line":8,"column":38}},"1":{"start":{"line":9,"column":16},"end":{"line":9,"column":42}},"2":{"start":{"line":11,"column":18},"end":{"line":11,"column":79}},"3":{"start":{"line":13,"column":2},"end":{"line":17,"column":3}},"4":{"start":{"line":14,"column":4},"end":{"line":14,"column":35}},"5":{"start":{"line":16,"column":4},"end":{"line":16,"column":23}},"6":{"start":{"line":20,"column":0},"end":{"line":67,"column":1}},"7":{"start":{"line":21,"column":16},"end":{"line":21,"column":90}},"8":{"start":{"line":24,"column":2},"end":{"line":66,"column":4}},"9":{"start":{"line":25,"column":27},"end":{"line":25,"column":63}},"10":{"start":{"line":28,"column":4},"end":{"line":65,"column":6}},"11":{"start":{"line":30,"column":6},"end":{"line":55,"column":7}},"12":{"start":{"line":31,"column":25},"end":{"line":31,"column":58}},"13":{"start":{"line":32,"column":8},"end":{"line":35,"column":9}},"14":{"start":{"line":33,"column":10},"end":{"line":33,"column":44}},"15":{"start":{"line":34,"column":10},"end":{"line":34,"column":16}},"16":{"start":{"line":36,"column":23},"end":{"line":36,"column":44}},"17":{"start":{"line":37,"column":8},"end":{"line":37,"column":52}},"18":{"start":{"line":38,"column":13},"end":{"line":55,"column":7}},"19":{"start":{"line":39,"column":8},"end":{"line":50,"column":9}},"20":{"start":{"line":40,"column":28},"end":{"line":40,"column":69}},"21":{"start":{"line":41,"column":23},"end":{"line":41,"column":47}},"22":{"start":{"line":42,"column":10},"end":{"line":46,"column":11}},"23":{"start":{"line":43,"column":12},"end":{"line":43,"column":39}},"24":{"start":{"line":45,"column":12},"end":{"line":45,"column":46}},"25":{"start":{"line":48,"column":10},"end":{"line":48,"column":24}},"26":{"start":{"line":49,"column":10},"end":{"line":49,"column":44}},"27":{"start":{"line":54,"column":8},"end":{"line":54,"column":42}},"28":{"start":{"line":58,"column":6},"end":{"line":64,"column":8}},"29":{"start":{"line":59,"column":29},"end":{"line":59,"column":75}},"30":{"start":{"line":60,"column":8},"end":{"line":63,"column":9}},"31":{"start":{"line":71,"column":0},"end":{"line":71,"column":27}}},"fnMap":{"0":{"name":"parseDatapackageIdentifier","decl":{"start":{"line":12,"column":9},"end":{"line":12,"column":35}},"loc":{"start":{"line":12,"column":50},"end":{"line":18,"column":1}},"line":12},"1":{"name":"(anonymous_1)","decl":{"start":{"line":24,"column":27},"end":{"line":24,"column":28}},"loc":{"start":{"line":24,"column":46},"end":{"line":66,"column":3}},"line":24},"2":{"name":"(anonymous_2)","decl":{"start":{"line":28,"column":30},"end":{"line":28,"column":31}},"loc":{"start":{"line":28,"column":46},"end":{"line":65,"column":5}},"line":28},"3":{"name":"(anonymous_3)","decl":{"start":{"line":58,"column":39},"end":{"line":58,"column":40}},"loc":{"start":{"line":58,"column":47},"end":{"line":64,"column":7}},"line":58}},"branchMap":{"0":{"loc":{"start":{"line":30,"column":6},"end":{"line":55,"column":7}},"type":"if","locations":[{"start":{"line":30,"column":6},"end":{"line":55,"column":7}},{"start":{"line":30,"column":6},"end":{"line":55,"column":7}}],"line":30},"1":{"loc":{"start":{"line":30,"column":10},"end":{"line":30,"column":83}},"type":"binary-expr","locations":[{"start":{"line":30,"column":10},"end":{"line":30,"column":30}},{"start":{"line":30,"column":34},"end":{"line":30,"column":83}}],"line":30},"2":{"loc":{"start":{"line":32,"column":8},"end":{"line":35,"column":9}},"type":"if","locations":[{"start":{"line":32,"column":8},"end":{"line":35,"column":9}},{"start":{"line":32,"column":8},"end":{"line":35,"column":9}}],"line":32},"3":{"loc":{"start":{"line":38,"column":13},"end":{"line":55,"column":7}},"type":"if","locations":[{"start":{"line":38,"column":13},"end":{"line":55,"column":7}},{"start":{"line":38,"column":13},"end":{"line":55,"column":7}}],"line":38},"4":{"loc":{"start":{"line":38,"column":17},"end":{"line":38,"column":101}},"type":"binary-expr","locations":[{"start":{"line":38,"column":17},"end":{"line":38,"column":50}},{"start":{"line":38,"column":54},"end":{"line":38,"column":101}}],"line":38},"5":{"loc":{"start":{"line":42,"column":10},"end":{"line":46,"column":11}},"type":"if","locations":[{"start":{"line":42,"column":10},"end":{"line":46,"column":11}},{"start":{"line":42,"column":10},"end":{"line":46,"column":11}}],"line":42}},"s":{"0":0,"1":0,"2":0,"3":0,"4":0,"5":0,"6":0,"7":0,"8":0,"9":0,"10":0,"11":0,"12":0,"13":0,"14":0,"15":0,"16":0,"17":0,"18":0,"19":0,"20":0,"21":0,"22":0,"23":0,"24":0,"25":0,"26":0,"27":0,"28":0,"29":0,"30":0,"31":0},"f":{"0":0,"1":0,"2":0,"3":0},"b":{"0":[0,0],"1":[0,0],"2":[0,0],"3":[0,0],"4":[0,0],"5":[0,0]},"hash":"14b04a169b55423bcfe215ca83ccf8a1579f7551"}
}
