TN:
SF:/home/pj/Datopian/repos/datapackage-views-js/src/App.js
FN:6,App
FNF:1
FNH:1
FNDA:4,App
DA:7,4
DA:8,4
DA:9,1
DA:10,1
DA:11,1
DA:12,1
DA:14,1
DA:15,1
DA:18,1
DA:23,3
DA:24,1
DA:33,2
LF:12
LH:12
BRDA:7,0,0,4
BRDA:7,0,1,0
BRDA:8,1,0,1
BRDA:8,1,1,3
BRDA:8,2,0,4
BRDA:8,2,1,1
BRDA:9,3,0,1
BRDA:9,3,1,0
BRDA:10,4,0,1
BRDA:10,4,1,0
BRDA:14,5,0,1
BRDA:14,5,1,0
BRDA:23,6,0,1
BRDA:23,6,1,2
BRF:14
BRH:10
end_of_record
TN:
SF:/home/pj/Datopian/repos/datapackage-views-js/src/Table.js
FN:5,(anonymous_0)
FNF:1
FNH:1
FNDA:1,(anonymous_0)
DA:6,1
DA:9,1
LF:2
LH:2
BRF:0
BRH:0
end_of_record
TN:
SF:/home/pj/Datopian/repos/datapackage-views-js/src/index.js
FN:12,parseDatapackageIdentifier
FN:24,(anonymous_1)
FN:28,(anonymous_2)
FN:58,(anonymous_3)
FNF:4
FNH:0
FNDA:0,parseDatapackageIdentifier
FNDA:0,(anonymous_1)
FNDA:0,(anonymous_2)
FNDA:0,(anonymous_3)
DA:8,0
DA:9,0
DA:11,0
DA:13,0
DA:14,0
DA:16,0
DA:20,0
DA:21,0
DA:24,0
DA:25,0
DA:28,0
DA:30,0
DA:31,0
DA:32,0
DA:33,0
DA:34,0
DA:36,0
DA:37,0
DA:38,0
DA:39,0
DA:40,0
DA:41,0
DA:42,0
DA:43,0
DA:45,0
DA:48,0
DA:49,0
DA:54,0
DA:58,0
DA:59,0
DA:60,0
DA:71,0
LF:32
LH:0
BRDA:30,0,0,0
BRDA:30,0,1,0
BRDA:30,1,0,0
BRDA:30,1,1,0
BRDA:32,2,0,0
BRDA:32,2,1,0
BRDA:38,3,0,0
BRDA:38,3,1,0
BRDA:38,4,0,0
BRDA:38,4,1,0
BRDA:42,5,0,0
BRDA:42,5,1,0
BRF:12
BRH:0
end_of_record
